{
  "RSpec": {
    "coverage": {
      "/root/iteration2cs3300/app/controllers/addcustomers_controller.rb": {
        "lines": [
          1,
          1,
          1,
          null,
          null,
          1,
          1,
          null,
          null,
          null,
          1,
          null,
          null,
          null,
          1,
          2,
          null,
          null,
          null,
          1,
          null,
          null,
          null,
          1,
          2,
          null,
          2,
          2,
          2,
          1,
          null,
          2,
          1,
          null,
          null,
          null,
          null,
          null,
          1,
          2,
          2,
          2,
          1,
          null,
          2,
          1,
          null,
          null,
          null,
          null,
          null,
          1,
          0,
          null,
          0,
          0,
          0,
          null,
          null,
          null,
          1,
          null,
          1,
          6,
          null,
          null,
          null,
          1,
          4,
          null,
          null
        ]
      },
      "/root/iteration2cs3300/app/controllers/application_controller.rb": {
        "lines": [
          1,
          null
        ]
      },
      "/root/iteration2cs3300/app/models/addcustomer.rb": {
        "lines": [
          1,
          null,
          1,
          1,
          1,
          1,
          null
        ]
      },
      "/root/iteration2cs3300/app/models/user.rb": {
        "lines": [
          0,
          null,
          null,
          0,
          0,
          0
        ],
        "branches": {
        }
      }
    },
    "timestamp": 1682629704
  }
}
